<?xml version="1.0" encoding="UTF-8"?>
<testsuite xmlns:xsi="http://www.w3.org/2001/XMLSchema-instance" xsi:noNamespaceSchemaLocation="https://maven.apache.org/surefire/maven-surefire-plugin/xsd/surefire-test-report-3.0.xsd" version="3.0" name="io.cucumber.junit.platform.engine.CucumberTestEngine" time="0.086" tests="8" errors="0" skipped="8" failures="0">
  <properties>
[...]
</properties>
  <testcase name="Criar usuário, autorizar e alugar 2 livros" classname="Fluxo de API no DemoQA (BookStore)" time="0.0">
    <skipped message="&apos;cucumber.filter.tags=@desafio2&apos; did not match this scenario"/>
    <system-err><![CDATA[set. 15, 2025 4:32:26 AM io.cucumber.junit.platform.engine.DiscoverySelectorResolver warnWhenCucumberFeaturesPropertyIsUsed
WARNING: Discovering tests using the cucumber.features property. Other discovery selectors are ignored!

This is a work around for the limited JUnit 5 support in Maven and Gradle. Please request/upvote/sponsor/ect better support for JUnit 5 discovery selectors. For details see: https://github.com/cucumber/cucumber-jvm/pull/2498

If you are using the JUnit 5 Suite Engine, Platform Launcher API or Console Launcher you should not use this property. Please consult the JUnit 5 documentation on test selection.
]]></system-err>
  </testcase>
  <testcase name="Nova janela e validação do texto" classname="Browser Windows" time="0.0">
    <skipped message="&apos;cucumber.filter.tags=@desafio2&apos; did not match this scenario"/>
  </testcase>
  <testcase name="Login básico e verificação do perfil" classname="Fluxo visual simples no Book Store" time="0.0">
    <skipped message="&apos;cucumber.filter.tags=@desafio2&apos; did not match this scenario"/>
  </testcase>
  <testcase name="Preencher e submeter o formulário" classname="Practice Form" time="0.0">
    <skipped message="&apos;cucumber.filter.tags=@desafio2&apos; did not match this scenario"/>
  </testcase>
  <testcase name="Parar antes dos 25% e resetar aos 100%" classname="Progress Bar" time="0.0">
    <skipped message="&apos;cucumber.filter.tags=@desafio2&apos; did not match this scenario"/>
  </testcase>
  <testcase name="Ordenar itens em ordem crescente usando drag and drop" classname="Sortable" time="0.0">
    <skipped message="&apos;cucumber.filter.tags=@desafio2&apos; did not match this scenario"/>
  </testcase>
  <testcase name="Criar, editar e deletar um registro" classname="Web Tables CRUD" time="0.0">
    <skipped message="&apos;cucumber.filter.tags=@desafio2&apos; did not match this scenario"/>
  </testcase>
  <testcase name="Criar 12 registros e deletar todos" classname="Web Tables CRUD" time="0.0">
    <skipped message="&apos;cucumber.filter.tags=@desafio2&apos; did not match this scenario"/>
  </testcase>
</testsuite>